<?xml version="1.0" encoding="UTF-8"?>
<testng-results total="1" passed="1" failed="0" skipped="0">
  <reporter-output>
    <line>
      <![CDATA[exicution in CMD]]>
    </line>
  </reporter-output>
  <suite started-at="2024-04-11T08:22:18Z" name="Suite" finished-at="2024-04-11T08:22:18Z" duration-ms="28">
    <groups>
    </groups>
    <test started-at="2024-04-11T08:22:18Z" name="Test" finished-at="2024-04-11T08:22:18Z" duration-ms="28">
      <class name="org.batch.Jaga">
        <test-method signature="fast()[pri:0, instance:org.batch.Jaga@2cdd0d4b]" started-at="2024-04-11T13:52:18Z" name="fast" finished-at="2024-04-11T13:52:18Z" duration-ms="8" status="PASS">
          <reporter-output>
            <line>
              <![CDATA[exicution in CMD]]>
            </line>
          </reporter-output>
        </test-method> <!-- fast -->
      </class> <!-- org.batch.Jaga -->
    </test> <!-- Test -->
  </suite> <!-- Suite -->
</testng-results>
